<?xml version="1.0" encoding="UTF-8"?>
<!-- Generated by org.testng.reporters.JUnitReportReporter -->
<testsuite hostname="LAPTOP-GVCVA9N0" failures="0" tests="1" name="exercise.DemoB" time="3.000" errors="0" timestamp="2023-07-21T19:15:06 ICT" skipped="0">
  <testcase classname="exercise.DemoB" name="run" time="3.000">
    <system-out>
      <![CDATA[The browser is opened now
The browser is maximized
The Google website is opened
The data "BYE" is entered]]>
    </system-out>
  </testcase> <!-- run -->
  <system-out>
    <![CDATA[The browser is opened now
The browser is maximized
The Google website is opened
The data "HI" is entered
The browser is opened now
The browser is maximized
The Google website is opened
The data "BYE" is entered]]>
  </system-out>
</testsuite> <!-- exercise.DemoB -->
