<?xml version="1.0" encoding="UTF-8"?>
<!-- Generated by org.testng.reporters.JUnitReportReporter -->
<testsuite hostname="LAPTOP-GVCVA9N0" failures="0" tests="5" name="exercise.Week03" time="3.832" errors="0" timestamp="2023-06-29T22:43:08 ICT" skipped="2">
  <testcase classname="exercise.Week03" name="fourthTest" time="0.312"/>
  <testcase classname="exercise.Week03" name="fifthTest" time="3.279"/>
  <testcase classname="exercise.Week03" name="thirdTest" time="0.241"/>
  <testcase classname="exercise.Week03" name="secondTest">
    <skipped/>
  </testcase> <!-- secondTest -->
  <testcase classname="exercise.Week03" name="firstTest">
    <skipped/>
  </testcase> <!-- firstTest -->
</testsuite> <!-- exercise.Week03 -->
