<?xml version="1.0" encoding="UTF-8"?>
<!-- Generated by org.testng.reporters.JUnitReportReporter -->
<testsuite hostname="LAPTOP-GVCVA9N0" failures="0" tests="5" name="orangeHRM.deleteCustomer" time="18.226" errors="0" timestamp="2023-07-21T13:48:24 ICT" skipped="4">
  <testcase classname="orangeHRM.deleteCustomer" name="TC_OHRM_DC_05" time="18.226"/>
  <testcase classname="orangeHRM.deleteCustomer" name="TC_OHRM_DC_03">
    <skipped/>
  </testcase> <!-- TC_OHRM_DC_03 -->
  <testcase classname="orangeHRM.deleteCustomer" name="TC_OHRM_DC_04">
    <skipped/>
  </testcase> <!-- TC_OHRM_DC_04 -->
  <testcase classname="orangeHRM.deleteCustomer" name="TC_OHRM_DC_01">
    <skipped/>
  </testcase> <!-- TC_OHRM_DC_01 -->
  <testcase classname="orangeHRM.deleteCustomer" name="TC_OHRM_DC_02">
    <skipped/>
  </testcase> <!-- TC_OHRM_DC_02 -->
</testsuite> <!-- orangeHRM.deleteCustomer -->
