<?xml version="1.0" encoding="UTF-8"?>
<!-- Generated by org.testng.reporters.JUnitReportReporter -->
<testsuite hostname="LAPTOP-GVCVA9N0" failures="0" tests="5" name="exercise.Week03" time="8.537" errors="0" timestamp="2023-06-30T15:09:04 ICT" skipped="4">
  <testcase classname="exercise.Week03" name="fifthTest" time="8.537"/>
  <testcase classname="exercise.Week03" name="thirdTest">
    <skipped/>
  </testcase> <!-- thirdTest -->
  <testcase classname="exercise.Week03" name="fourthTest">
    <skipped/>
  </testcase> <!-- fourthTest -->
  <testcase classname="exercise.Week03" name="secondTest">
    <skipped/>
  </testcase> <!-- secondTest -->
  <testcase classname="exercise.Week03" name="firstTest">
    <skipped/>
  </testcase> <!-- firstTest -->
</testsuite> <!-- exercise.Week03 -->
