<?xml version="1.0" encoding="UTF-8"?>
<!-- Generated by org.testng.reporters.JUnitReportReporter -->
<testsuite hostname="LAPTOP-GVCVA9N0" failures="0" tests="1" name="exercise.Week05" time="15.035" errors="0" timestamp="2023-07-14T19:31:01 ICT" skipped="0">
  <testcase classname="exercise.Week05" name="test" time="15.035"/>
</testsuite> <!-- exercise.Week05 -->
