<?xml version="1.0" encoding="UTF-8"?>
<!-- Generated by org.testng.reporters.JUnitReportReporter -->
<testsuite hostname="LAPTOP-GVCVA9N0" failures="0" tests="7" name="testcases.TestOrangeHRMCustomer" time="102.071" errors="0" timestamp="2023-08-14T20:46:36 ICT" skipped="0">
  <testcase classname="testcases.TestOrangeHRMCustomer" name="TC_OHRM_DC_01" time="15.439"/>
  <testcase classname="testcases.TestOrangeHRMCustomer" name="TC_OHRM_DC_02" time="13.828"/>
  <testcase classname="testcases.TestOrangeHRMCustomer" name="TC_OHRM_DC_03" time="20.244"/>
  <testcase classname="testcases.TestOrangeHRMCustomer" name="TC_OHRM_DC_05" time="6.151"/>
  <testcase classname="testcases.TestOrangeHRMCustomer" name="TC_OHRM_DC_04" time="20.992"/>
  <testcase classname="testcases.TestOrangeHRMCustomer" name="TC_OHRM_DC_07" time="11.608"/>
  <testcase classname="testcases.TestOrangeHRMCustomer" name="TC_OHRM_DC_06" time="13.809"/>
  <system-out>
    <![CDATA[Browser Open
Browser Maximized
Application Started
Signing In]]>
  </system-out>
</testsuite> <!-- testcases.TestOrangeHRMCustomer -->
