<?xml version="1.0" encoding="UTF-8"?>
<!-- Generated by org.testng.reporters.JUnitReportReporter -->
<testsuite hostname="LAPTOP-GVCVA9N0" failures="0" tests="13" name="testcases.TestOrangeHRMProject" time="113.742" errors="0" timestamp="2023-08-14T20:56:27 ICT" skipped="0">
  <testcase classname="testcases.TestOrangeHRMProject" name="TC_OHRM_AP_03" time="9.353"/>
  <testcase classname="testcases.TestOrangeHRMProject" name="TC_OHRM_AP_02" time="9.497"/>
  <testcase classname="testcases.TestOrangeHRMProject" name="TC_OHRM_AP_13" time="7.299"/>
  <testcase classname="testcases.TestOrangeHRMProject" name="TC_OHRM_AP_07" time="7.417"/>
  <testcase classname="testcases.TestOrangeHRMProject" name="TC_OHRM_AP_08" time="6.017"/>
  <testcase classname="testcases.TestOrangeHRMProject" name="TC_OHRM_AP_09" time="6.693"/>
  <testcase classname="testcases.TestOrangeHRMProject" name="TC_OHRM_AP_05" time="11.166"/>
  <testcase classname="testcases.TestOrangeHRMProject" name="TC_OHRM_AP_10" time="7.761"/>
  <testcase classname="testcases.TestOrangeHRMProject" name="TC_OHRM_AP_12" time="9.214"/>
  <testcase classname="testcases.TestOrangeHRMProject" name="TC_OHRM_AP_11" time="7.370"/>
  <testcase classname="testcases.TestOrangeHRMProject" name="TC_OHRM_AP_06" time="10.583"/>
  <testcase classname="testcases.TestOrangeHRMProject" name="TC_OHRM_AP_01" time="9.189"/>
  <testcase classname="testcases.TestOrangeHRMProject" name="TC_OHRM_AP_04" time="12.183"/>
</testsuite> <!-- testcases.TestOrangeHRMProject -->
