<?xml version="1.0" encoding="UTF-8"?>
<!-- Generated by org.testng.reporters.JUnitReportReporter -->
<testsuite hostname="LAPTOP-GVCVA9N0" failures="0" tests="7" name="test.TestOrangeHRMCustomer" time="84.806" errors="0" timestamp="2023-08-04T16:18:43 ICT" skipped="0">
  <testcase classname="test.TestOrangeHRMCustomer" name="TC_OHRM_DC_01" time="9.869"/>
  <testcase classname="test.TestOrangeHRMCustomer" name="TC_OHRM_DC_04" time="16.198"/>
  <testcase classname="test.TestOrangeHRMCustomer" name="TC_OHRM_DC_05" time="3.785"/>
  <testcase classname="test.TestOrangeHRMCustomer" name="TC_OHRM_DC_06" time="9.911"/>
  <testcase classname="test.TestOrangeHRMCustomer" name="TC_OHRM_DC_07" time="11.557"/>
  <testcase classname="test.TestOrangeHRMCustomer" name="TC_OHRM_DC_03" time="16.556"/>
  <testcase classname="test.TestOrangeHRMCustomer" name="TC_OHRM_DC_02" time="16.930"/>
</testsuite> <!-- test.TestOrangeHRMCustomer -->
