<?xml version="1.0" encoding="UTF-8"?>
<!-- Generated by org.testng.reporters.JUnitReportReporter -->
<testsuite hostname="LAPTOP-1NJ5AF6I" failures="0" tests="11" name="testcases.TestOrangeHRMCustomer" time="123.429" errors="0" timestamp="2023-08-11T18:36:10 ICT" skipped="0">
  <testcase classname="testcases.TestOrangeHRMCustomer" name="TC_OHRM_EC_11" time="10.582"/>
  <testcase classname="testcases.TestOrangeHRMCustomer" name="TC_OHRM_EC_03" time="10.961"/>
  <testcase classname="testcases.TestOrangeHRMCustomer" name="TC_OHRM_EC_04" time="11.453"/>
  <testcase classname="testcases.TestOrangeHRMCustomer" name="TC_OHRM_EC_08" time="9.792"/>
  <testcase classname="testcases.TestOrangeHRMCustomer" name="TC_OHRM_EC_05" time="11.501"/>
  <testcase classname="testcases.TestOrangeHRMCustomer" name="TC_OHRM_EC_07" time="10.284"/>
  <testcase classname="testcases.TestOrangeHRMCustomer" name="TC_OHRM_EC_09" time="10.066"/>
  <testcase classname="testcases.TestOrangeHRMCustomer" name="TC_OHRM_EC_02" time="11.246"/>
  <testcase classname="testcases.TestOrangeHRMCustomer" name="TC_OHRM_EC_10" time="10.177"/>
  <testcase classname="testcases.TestOrangeHRMCustomer" name="TC_OHRM_EC_01" time="17.469"/>
  <testcase classname="testcases.TestOrangeHRMCustomer" name="TC_OHRM_EC_06" time="9.898"/>
</testsuite> <!-- testcases.TestOrangeHRMCustomer -->
