<?xml version="1.0" encoding="UTF-8"?>
<!-- Generated by org.testng.reporters.JUnitReportReporter -->
<testsuite hostname="LAPTOP-GVCVA9N0" failures="0" tests="7" name="orangeHRM.deleteCustomer" time="101.153" errors="0" timestamp="2023-08-03T17:26:58 ICT" skipped="0">
  <testcase classname="orangeHRM.deleteCustomer" name="TC_OHRM_DC_06" time="11.143"/>
  <testcase classname="orangeHRM.deleteCustomer" name="TC_OHRM_DC_04" time="18.556"/>
  <testcase classname="orangeHRM.deleteCustomer" name="TC_OHRM_DC_02" time="21.508"/>
  <testcase classname="orangeHRM.deleteCustomer" name="TC_OHRM_DC_03" time="24.148"/>
  <testcase classname="orangeHRM.deleteCustomer" name="TC_OHRM_DC_01" time="10.708"/>
  <testcase classname="orangeHRM.deleteCustomer" name="TC_OHRM_DC_05" time="4.604"/>
  <testcase classname="orangeHRM.deleteCustomer" name="TC_OHRM_DC_07" time="10.486"/>
</testsuite> <!-- orangeHRM.deleteCustomer -->
