<?xml version="1.0" encoding="UTF-8"?>
<!-- Generated by org.testng.reporters.JUnitReportReporter -->
<testsuite hostname="LAPTOP-GVCVA9N0" failures="0" tests="1" name="finalProject.viewCustomerList" time="30.565" errors="0" timestamp="2023-07-20T20:21:47 ICT" skipped="0">
  <testcase classname="finalProject.viewCustomerList" name="firstTest" time="30.565"/>
</testsuite> <!-- finalProject.viewCustomerList -->
