<?xml version="1.0" encoding="UTF-8"?>
<!-- Generated by org.testng.reporters.JUnitReportReporter -->
<testsuite hostname="LAPTOP-GVCVA9N0" failures="0" tests="7" name="test.TestOrangeHRMCustomer" time="80.066" errors="0" timestamp="2023-08-06T17:31:08 ICT" skipped="0">
  <testcase classname="test.TestOrangeHRMCustomer" name="TC_OHRM_DC_01" time="10.364"/>
  <testcase classname="test.TestOrangeHRMCustomer" name="TC_OHRM_DC_07" time="10.087"/>
  <testcase classname="test.TestOrangeHRMCustomer" name="TC_OHRM_DC_02" time="12.111"/>
  <testcase classname="test.TestOrangeHRMCustomer" name="TC_OHRM_DC_03" time="15.935"/>
  <testcase classname="test.TestOrangeHRMCustomer" name="TC_OHRM_DC_06" time="10.769"/>
  <testcase classname="test.TestOrangeHRMCustomer" name="TC_OHRM_DC_05" time="3.786"/>
  <testcase classname="test.TestOrangeHRMCustomer" name="TC_OHRM_DC_04" time="17.014"/>
</testsuite> <!-- test.TestOrangeHRMCustomer -->
