<?xml version="1.0" encoding="UTF-8"?>
<!-- Generated by org.testng.reporters.JUnitReportReporter -->
<testsuite hostname="LAPTOP-GVCVA9N0" failures="0" tests="1" name="exercise.Week05" time="21.049" errors="0" timestamp="2023-07-07T18:53:00 ICT" skipped="0">
  <testcase classname="exercise.Week05" name="test" time="21.049"/>
</testsuite> <!-- exercise.Week05 -->
