<?xml version="1.0" encoding="UTF-8"?>
<!-- Generated by org.testng.reporters.JUnitReportReporter -->
<testsuite hostname="LAPTOP-GVCVA9N0" failures="0" tests="3" name="exercise.Week04" time="49.392" errors="0" timestamp="2023-07-02T09:43:41 ICT" skipped="0">
  <testcase classname="exercise.Week04" name="firstTest" time="34.638"/>
  <testcase classname="exercise.Week04" name="thirdTest" time="11.455"/>
  <testcase classname="exercise.Week04" name="secondTest" time="3.299"/>
</testsuite> <!-- exercise.Week04 -->
