<?xml version="1.0" encoding="UTF-8"?>
<!-- Generated by org.testng.reporters.JUnitReportReporter -->
<testsuite hostname="LAPTOP-GVCVA9N0" failures="0" tests="13" name="testcases.TestOrangeHRMProject" time="106.599" errors="0" timestamp="2023-08-15T13:01:41 ICT" skipped="0">
  <testcase classname="testcases.TestOrangeHRMProject" name="TC_OHRM_AP_12" time="7.747">
    <system-out>
      <![CDATA[Open File
Open Add Project Form
Enter Information With Spaces Only To 'Name' Textbox
Save Form
Write Result
Save And Close File]]>
    </system-out>
  </testcase> <!-- TC_OHRM_AP_12 -->
  <testcase classname="testcases.TestOrangeHRMProject" name="TC_OHRM_AP_03" time="8.844">
    <system-out>
      <![CDATA[Open File
Open Add Project Form
Enter Information With Name Has 50 Characters And Description Has 10 Characters In Length
Save Form
Write Result
Save And Close File]]>
    </system-out>
  </testcase> <!-- TC_OHRM_AP_03 -->
  <testcase classname="testcases.TestOrangeHRMProject" name="TC_OHRM_AP_13" time="7.430">
    <system-out>
      <![CDATA[Open File
Open Add Project Form
Enter Information With Spaces Only To 'Customer Name' Dropbox
Save Form
Write Result
Save And Close File]]>
    </system-out>
  </testcase> <!-- TC_OHRM_AP_13 -->
  <testcase classname="testcases.TestOrangeHRMProject" name="TC_OHRM_AP_07" time="7.826">
    <system-out>
      <![CDATA[Open File
Open Add Project Form
Enter Information With Name Has 5 Character, Description Has 10 Characters In Length And Project Admin Is Blank
Save Form
Write Result
Save And Close File]]>
    </system-out>
  </testcase> <!-- TC_OHRM_AP_07 -->
  <testcase classname="testcases.TestOrangeHRMProject" name="TC_OHRM_AP_02" time="11.136">
    <system-out>
      <![CDATA[Open File
Open Add Project Form
Enter Information With Name Has 1 Character And Description Has 10 characters In Length
Save Form
Write Result
Save And Close File]]>
    </system-out>
  </testcase> <!-- TC_OHRM_AP_02 -->
  <testcase classname="testcases.TestOrangeHRMProject" name="TC_OHRM_AP_01" time="9.029">
    <system-out>
      <![CDATA[Open File
Open Add Project Form
Enter Information With All Valid Required Fields
Save Form
Write Result
Save And Close File]]>
    </system-out>
  </testcase> <!-- TC_OHRM_AP_01 -->
  <testcase classname="testcases.TestOrangeHRMProject" name="TC_OHRM_AP_05" time="9.243">
    <system-out>
      <![CDATA[Open File
Open Add Project Form
Enter Information With Name Has 5 Characters And Description Has 255 Characters In Length
Save Form
Write Result
Save And Close File]]>
    </system-out>
  </testcase> <!-- TC_OHRM_AP_05 -->
  <testcase classname="testcases.TestOrangeHRMProject" name="TC_OHRM_AP_09" time="6.084">
    <system-out>
      <![CDATA[Open File
Open Add Project Form
Set Project Admin
Choose Project Admin And Check It In Suggested List
Write Result
Save And Close File]]>
    </system-out>
  </testcase> <!-- TC_OHRM_AP_09 -->
  <testcase classname="testcases.TestOrangeHRMProject" name="TC_OHRM_AP_06" time="8.921">
    <system-out>
      <![CDATA[Open File
Open Add Project Form
Enter Information With Name Has 5 Characters And Description Has 10 Characters In Length
Save Form
Write Result
Save And Close File]]>
    </system-out>
  </testcase> <!-- TC_OHRM_AP_06 -->
  <testcase classname="testcases.TestOrangeHRMProject" name="TC_OHRM_AP_08" time="6.310">
    <system-out>
      <![CDATA[Open File
Open Add Project Form
Set Customer Name
Choose Customer Name And Check It In Suggested List
Write Result
Save And Close File]]>
    </system-out>
  </testcase> <!-- TC_OHRM_AP_08 -->
  <testcase classname="testcases.TestOrangeHRMProject" name="TC_OHRM_AP_10" time="7.692">
    <system-out>
      <![CDATA[Open File
Open Add Project Form
Enter Information With Blank Input To 'Name' Textbox
Save Form
Write Result
Save And Close File]]>
    </system-out>
  </testcase> <!-- TC_OHRM_AP_10 -->
  <testcase classname="testcases.TestOrangeHRMProject" name="TC_OHRM_AP_11" time="6.937">
    <system-out>
      <![CDATA[Open File
Open Add Project Form
Enter Information With Blank Input To 'Customer Name' Dropbox
Save Form
Write Result
Save And Close File]]>
    </system-out>
  </testcase> <!-- TC_OHRM_AP_11 -->
  <testcase classname="testcases.TestOrangeHRMProject" name="TC_OHRM_AP_04" time="9.400">
    <system-out>
      <![CDATA[Open File
Open Add Project Form
Enter Information With Name Has 5 Characters And Description Has 0 Character In Length
Save Form
Write Result
Save And Close File]]>
    </system-out>
  </testcase> <!-- TC_OHRM_AP_04 -->
  <system-out>
    <![CDATA[Browser Open
Browser Maximized
Application Started
Signing In
Browser Opened
Brower Maximized
Application Started
Signing In
Selecting Section
Open File
Add Sample Customer To Test
Open Delete Form
Delete Customer
Write Result
Save And Close File
Selecting Section
Open File
Add Sample Customer To Test
Tick The Empty Box To The Left Of The Customer Name
Open Delete Form
Delete Customer
Write Result
Save And Close File
Selecting Section
Open File
Add Sample Customer To Test
Add Sample Customer To Test
Selecting Section
Open File
Add Sample Customer To Test
Selecting Section
Open File
Open Delete Form
Write Result
Save And Close File
Selecting Section
Open File
Add Sample Customer To Test
Selecting Section
Open File
Add Sample Customer To Test
Selecting Section
Selecting Section
Selecting Section
Selecting Section
Selecting Section
Selecting Section
Selecting Section
Selecting Section
Selecting Section
Selecting Section
Selecting Section
Selecting Section
Open File
Open Add Project Form
Enter Information With All Valid Required Fields
Save Form
Write Result
Save And Close File
Selecting Section
Open File
Open Add Project Form
Enter Information With Name Has 1 Character And Description Has 10 characters In Length
Save Form
Write Result
Save And Close File
Selecting Section
Open File
Open Add Project Form
Enter Information With Name Has 50 Characters And Description Has 10 Characters In Length
Save Form
Write Result
Save And Close File
Selecting Section
Open File
Open Add Project Form
Enter Information With Name Has 5 Characters And Description Has 0 Character In Length
Save Form
Write Result
Save And Close File
Selecting Section
Open File
Open Add Project Form
Enter Information With Name Has 5 Characters And Description Has 255 Characters In Length
Save Form
Write Result
Save And Close File
Selecting Section
Open File
Open Add Project Form
Enter Information With Name Has 5 Characters And Description Has 10 Characters In Length
Save Form
Write Result
Save And Close File
Selecting Section
Open File
Open Add Project Form
Enter Information With Name Has 5 Character, Description Has 10 Characters In Length And Project Admin Is Blank
Save Form
Write Result
Save And Close File
Selecting Section
Open File
Open Add Project Form
Set Customer Name
Choose Customer Name And Check It In Suggested List
Write Result
Save And Close File
Selecting Section
Open File
Open Add Project Form
Set Project Admin
Choose Project Admin And Check It In Suggested List
Write Result
Save And Close File
Selecting Section
Open File
Open Add Project Form
Enter Information With Blank Input To 'Name' Textbox
Save Form
Write Result
Save And Close File
Selecting Section
Open File
Open Add Project Form
Enter Information With Blank Input To 'Customer Name' Dropbox
Save Form
Write Result
Save And Close File
Selecting Section
Open File
Open Add Project Form
Enter Information With Spaces Only To 'Name' Textbox
Save Form
Write Result
Save And Close File
Selecting Section
Open File
Open Add Project Form
Enter Information With Spaces Only To 'Customer Name' Dropbox
Save Form
Write Result
Save And Close File
Count Test Cases Passed
Browser Close]]>
  </system-out>
</testsuite> <!-- testcases.TestOrangeHRMProject -->
