<?xml version="1.0" encoding="UTF-8"?>
<!-- Generated by org.testng.reporters.JUnitReportReporter -->
<testsuite hostname="LAPTOP-1NJ5AF6I" failures="0" tests="9" name="testcases.TestOrangeHRMReports" time="109.548" errors="0" timestamp="2023-08-13T23:45:04 ICT" skipped="0">
  <testcase classname="testcases.TestOrangeHRMReports" name="TC_OHRM_EP_06" time="5.704"/>
  <testcase classname="testcases.TestOrangeHRMReports" name="TC_OHRM_EP_09" time="19.122"/>
  <testcase classname="testcases.TestOrangeHRMReports" name="TC_OHRM_EP_04" time="8.549"/>
  <testcase classname="testcases.TestOrangeHRMReports" name="TC_OHRM_EP_02" time="7.907"/>
  <testcase classname="testcases.TestOrangeHRMReports" name="TC_OHRM_EP_05" time="18.650"/>
  <testcase classname="testcases.TestOrangeHRMReports" name="TC_OHRM_EP_01" time="5.565"/>
  <testcase classname="testcases.TestOrangeHRMReports" name="TC_OHRM_EP_08" time="18.358"/>
  <testcase classname="testcases.TestOrangeHRMReports" name="TC_OHRM_EP_03" time="17.915"/>
  <testcase classname="testcases.TestOrangeHRMReports" name="TC_OHRM_EP_07" time="7.778"/>
</testsuite> <!-- testcases.TestOrangeHRMReports -->
